[2024-10-03T18:49:04.623+0000] {taskinstance.py:1103} INFO - Dependencies all met for dep_context=non-requeueable deps ti=<TaskInstance: clever_main_DAG.upload_to_postgres_fmcsa_complaints scheduled__2024-10-02T00:20:00+00:00 [queued]>
[2024-10-03T18:49:04.629+0000] {taskinstance.py:1103} INFO - Dependencies all met for dep_context=requeueable deps ti=<TaskInstance: clever_main_DAG.upload_to_postgres_fmcsa_complaints scheduled__2024-10-02T00:20:00+00:00 [queued]>
[2024-10-03T18:49:04.629+0000] {taskinstance.py:1308} INFO - Starting attempt 9 of 9
[2024-10-03T18:49:04.637+0000] {taskinstance.py:1327} INFO - Executing <Task(PythonOperator): upload_to_postgres_fmcsa_complaints> on 2024-10-02 00:20:00+00:00
[2024-10-03T18:49:04.639+0000] {standard_task_runner.py:57} INFO - Started process 352 to run task
[2024-10-03T18:49:04.643+0000] {standard_task_runner.py:84} INFO - Running: ['***', 'tasks', 'run', 'clever_main_DAG', 'upload_to_postgres_fmcsa_complaints', 'scheduled__2024-10-02T00:20:00+00:00', '--job-id', '13', '--raw', '--subdir', 'DAGS_FOLDER/clever_main_DAG.py', '--cfg-path', '/tmp/tmpkcm4dt5e']
[2024-10-03T18:49:04.644+0000] {standard_task_runner.py:85} INFO - Job 13: Subtask upload_to_postgres_fmcsa_complaints
[2024-10-03T18:49:04.689+0000] {task_command.py:410} INFO - Running <TaskInstance: clever_main_DAG.upload_to_postgres_fmcsa_complaints scheduled__2024-10-02T00:20:00+00:00 [running]> on host 0ed64f12ba94
[2024-10-03T18:49:04.737+0000] {taskinstance.py:1547} INFO - Exporting env vars: AIRFLOW_CTX_DAG_OWNER='alec.ventura' AIRFLOW_CTX_DAG_ID='clever_main_DAG' AIRFLOW_CTX_TASK_ID='upload_to_postgres_fmcsa_complaints' AIRFLOW_CTX_EXECUTION_DATE='2024-10-02T00:20:00+00:00' AIRFLOW_CTX_TRY_NUMBER='9' AIRFLOW_CTX_DAG_RUN_ID='scheduled__2024-10-02T00:20:00+00:00'
[2024-10-03T18:49:04.738+0000] {logging_mixin.py:149} INFO - ====================1
[2024-10-03T18:49:04.738+0000] {logging_mixin.py:149} INFO - /opt/***/dags/scripts/clever_main_pipeline.py
[2024-10-03T18:49:04.739+0000] {logging_mixin.py:149} INFO - ====================2
[2024-10-03T18:49:04.773+0000] {logging_mixin.py:149} INFO -                                          id  ... complaint_count
0      00008d3b-935a-4e0f-a5a7-b251a61ae037  ...               4
1      00017b8c-d0ee-4137-b478-a243fc2904fb  ...               1
2      00019146-288a-49f0-88ab-a59378cc5f72  ...               1
3      000484d8-d5b8-479e-8bd9-dd8f49209ad7  ...               1
4      0004cc4a-dcd9-4409-b227-8afab9db67a6  ...               2
...                                     ...  ...             ...
16984  fff59b05-9e8b-4bd8-8738-bee5f084acf5  ...               2
16985  fff7a5ff-068d-41e4-b70e-9857d73102a8  ...               1
16986  fff8d9bf-1b45-48bb-8e52-af3ec851e0c5  ...              36
16987  fffa5062-303a-4cb5-ad5e-7cc3d9021e23  ...               1
16988  fffab992-0274-46fa-bab7-0db10755da81  ...              13

[16989 rows x 9 columns]
[2024-10-03T18:49:04.774+0000] {python.py:183} INFO - Done. Returned value was: None
[2024-10-03T18:49:04.779+0000] {taskinstance.py:1350} INFO - Marking task as SUCCESS. dag_id=clever_main_DAG, task_id=upload_to_postgres_fmcsa_complaints, execution_date=20241002T002000, start_date=20241003T184904, end_date=20241003T184904
[2024-10-03T18:49:04.827+0000] {local_task_job_runner.py:225} INFO - Task exited with return code 0
[2024-10-03T18:49:04.843+0000] {taskinstance.py:2653} INFO - 0 downstream tasks scheduled from follow-on schedule check
