[2024-10-03T18:31:38.707+0000] {manager.py:487} INFO - Processing files using up to 2 processes at a time 
[2024-10-03T18:31:38.709+0000] {manager.py:488} INFO - Process each file at most once every 30 seconds
[2024-10-03T18:31:38.709+0000] {manager.py:490} INFO - Checking for new files in /opt/airflow/dags every 300 seconds
[2024-10-03T18:31:38.710+0000] {manager.py:758} INFO - Searching for files in /opt/airflow/dags
[2024-10-03T18:31:38.760+0000] {manager.py:761} INFO - There are 1 files in /opt/airflow/dags
[2024-10-03T18:31:38.827+0000] {manager.py:889} INFO - 
================================================================================
DAG File Processing Stats

File Path                               PID  Runtime      # DAGs    # Errors  Last Runtime    Last Run
------------------------------------  -----  ---------  --------  ----------  --------------  ----------
/opt/airflow/dags/clever_main_DAG.py     31  0.02s             0           0
================================================================================
[2024-10-03T18:31:56.894+0000] {manager.py:470} INFO - Exiting gracefully upon receiving signal 15
[2024-10-03T18:33:18.940+0000] {manager.py:487} INFO - Processing files using up to 2 processes at a time 
[2024-10-03T18:33:18.947+0000] {manager.py:488} INFO - Process each file at most once every 30 seconds
[2024-10-03T18:33:18.952+0000] {manager.py:490} INFO - Checking for new files in /opt/airflow/dags every 300 seconds
[2024-10-03T18:33:18.955+0000] {manager.py:758} INFO - Searching for files in /opt/airflow/dags
[2024-10-03T18:33:19.011+0000] {manager.py:761} INFO - There are 1 files in /opt/airflow/dags
[2024-10-03T18:33:19.075+0000] {manager.py:889} INFO - 
================================================================================
DAG File Processing Stats

File Path                               PID  Runtime      # DAGs    # Errors  Last Runtime    Last Run
------------------------------------  -----  ---------  --------  ----------  --------------  ----------
/opt/airflow/dags/clever_main_DAG.py     30  0.03s             0           0
================================================================================
[2024-10-03T18:33:49.312+0000] {manager.py:889} INFO - 
================================================================================
DAG File Processing Stats

File Path                             PID    Runtime      # DAGs    # Errors  Last Runtime    Last Run
------------------------------------  -----  ---------  --------  ----------  --------------  -------------------
/opt/airflow/dags/clever_main_DAG.py                           0           1  0.45s           2024-10-03T18:33:19
================================================================================
[2024-10-03T18:34:19.362+0000] {manager.py:889} INFO - 
================================================================================
DAG File Processing Stats

File Path                             PID    Runtime      # DAGs    # Errors  Last Runtime    Last Run
------------------------------------  -----  ---------  --------  ----------  --------------  -------------------
/opt/airflow/dags/clever_main_DAG.py                           0           1  0.35s           2024-10-03T18:33:50
================================================================================
[2024-10-03T18:34:49.621+0000] {manager.py:889} INFO - 
================================================================================
DAG File Processing Stats

File Path                             PID    Runtime      # DAGs    # Errors  Last Runtime    Last Run
------------------------------------  -----  ---------  --------  ----------  --------------  -------------------
/opt/airflow/dags/clever_main_DAG.py                           0           1  0.29s           2024-10-03T18:34:20
================================================================================
[2024-10-03T18:35:20.269+0000] {manager.py:889} INFO - 
================================================================================
DAG File Processing Stats

File Path                             PID    Runtime      # DAGs    # Errors  Last Runtime    Last Run
------------------------------------  -----  ---------  --------  ----------  --------------  -------------------
/opt/airflow/dags/clever_main_DAG.py                           0           1  0.28s           2024-10-03T18:34:51
================================================================================
[2024-10-03T18:35:50.821+0000] {manager.py:889} INFO - 
================================================================================
DAG File Processing Stats

File Path                             PID    Runtime      # DAGs    # Errors  Last Runtime    Last Run
------------------------------------  -----  ---------  --------  ----------  --------------  -------------------
/opt/airflow/dags/clever_main_DAG.py                           0           1  0.29s           2024-10-03T18:35:21
================================================================================
[2024-10-03T18:36:21.350+0000] {manager.py:889} INFO - 
================================================================================
DAG File Processing Stats

File Path                             PID    Runtime      # DAGs    # Errors  Last Runtime    Last Run
------------------------------------  -----  ---------  --------  ----------  --------------  -------------------
/opt/airflow/dags/clever_main_DAG.py                           1           0  0.40s           2024-10-03T18:36:14
================================================================================
[2024-10-03T18:36:51.732+0000] {manager.py:889} INFO - 
================================================================================
DAG File Processing Stats

File Path                             PID    Runtime      # DAGs    # Errors  Last Runtime    Last Run
------------------------------------  -----  ---------  --------  ----------  --------------  -------------------
/opt/airflow/dags/clever_main_DAG.py                           1           0  0.37s           2024-10-03T18:36:44
================================================================================
[2024-10-03T18:37:22.296+0000] {manager.py:889} INFO - 
================================================================================
DAG File Processing Stats

File Path                             PID    Runtime      # DAGs    # Errors  Last Runtime    Last Run
------------------------------------  -----  ---------  --------  ----------  --------------  -------------------
/opt/airflow/dags/clever_main_DAG.py                           1           0  0.41s           2024-10-03T18:37:15
================================================================================
[2024-10-03T18:37:52.427+0000] {manager.py:889} INFO - 
================================================================================
DAG File Processing Stats

File Path                             PID    Runtime      # DAGs    # Errors  Last Runtime    Last Run
------------------------------------  -----  ---------  --------  ----------  --------------  -------------------
/opt/airflow/dags/clever_main_DAG.py                           1           0  0.40s           2024-10-03T18:37:46
================================================================================
[2024-10-03T18:38:19.088+0000] {manager.py:758} INFO - Searching for files in /opt/airflow/dags
[2024-10-03T18:38:19.108+0000] {manager.py:761} INFO - There are 1 files in /opt/airflow/dags
[2024-10-03T18:38:22.713+0000] {manager.py:889} INFO - 
================================================================================
DAG File Processing Stats

File Path                             PID    Runtime      # DAGs    # Errors  Last Runtime    Last Run
------------------------------------  -----  ---------  --------  ----------  --------------  -------------------
/opt/airflow/dags/clever_main_DAG.py                           1           0  0.42s           2024-10-03T18:38:17
================================================================================
[2024-10-03T18:38:52.865+0000] {manager.py:889} INFO - 
================================================================================
DAG File Processing Stats

File Path                             PID    Runtime      # DAGs    # Errors  Last Runtime    Last Run
------------------------------------  -----  ---------  --------  ----------  --------------  -------------------
/opt/airflow/dags/clever_main_DAG.py                           1           0  0.42s           2024-10-03T18:38:47
================================================================================
[2024-10-03T18:39:23.151+0000] {manager.py:889} INFO - 
================================================================================
DAG File Processing Stats

File Path                             PID    Runtime      # DAGs    # Errors  Last Runtime    Last Run
------------------------------------  -----  ---------  --------  ----------  --------------  -------------------
/opt/airflow/dags/clever_main_DAG.py                           1           0  0.55s           2024-10-03T18:39:18
================================================================================
[2024-10-03T18:39:53.347+0000] {manager.py:889} INFO - 
================================================================================
DAG File Processing Stats

File Path                             PID    Runtime      # DAGs    # Errors  Last Runtime    Last Run
------------------------------------  -----  ---------  --------  ----------  --------------  -------------------
/opt/airflow/dags/clever_main_DAG.py                           1           0  0.37s           2024-10-03T18:39:49
================================================================================
[2024-10-03T18:40:23.668+0000] {manager.py:889} INFO - 
================================================================================
DAG File Processing Stats

File Path                             PID    Runtime      # DAGs    # Errors  Last Runtime    Last Run
------------------------------------  -----  ---------  --------  ----------  --------------  -------------------
/opt/airflow/dags/clever_main_DAG.py                           0           1  0.33s           2024-10-03T18:40:19
================================================================================
[2024-10-03T18:40:53.690+0000] {manager.py:889} INFO - 
================================================================================
DAG File Processing Stats

File Path                             PID    Runtime      # DAGs    # Errors  Last Runtime    Last Run
------------------------------------  -----  ---------  --------  ----------  --------------  -------------------
/opt/airflow/dags/clever_main_DAG.py                           0           1  0.42s           2024-10-03T18:40:50
================================================================================
[2024-10-03T18:41:23.923+0000] {manager.py:889} INFO - 
================================================================================
DAG File Processing Stats

File Path                             PID    Runtime      # DAGs    # Errors  Last Runtime    Last Run
------------------------------------  -----  ---------  --------  ----------  --------------  -------------------
/opt/airflow/dags/clever_main_DAG.py                           1           0  0.51s           2024-10-03T18:41:21
================================================================================
[2024-10-03T18:41:54.061+0000] {manager.py:889} INFO - 
================================================================================
DAG File Processing Stats

File Path                             PID    Runtime      # DAGs    # Errors  Last Runtime    Last Run
------------------------------------  -----  ---------  --------  ----------  --------------  -------------------
/opt/airflow/dags/clever_main_DAG.py                           1           0  0.37s           2024-10-03T18:41:52
================================================================================
[2024-10-03T18:42:24.353+0000] {manager.py:889} INFO - 
================================================================================
DAG File Processing Stats

File Path                             PID    Runtime      # DAGs    # Errors  Last Runtime    Last Run
------------------------------------  -----  ---------  --------  ----------  --------------  -------------------
/opt/airflow/dags/clever_main_DAG.py                           1           0  0.41s           2024-10-03T18:42:22
================================================================================
[2024-10-03T18:42:54.477+0000] {manager.py:889} INFO - 
================================================================================
DAG File Processing Stats

File Path                             PID    Runtime      # DAGs    # Errors  Last Runtime    Last Run
------------------------------------  -----  ---------  --------  ----------  --------------  -------------------
/opt/airflow/dags/clever_main_DAG.py                           1           0  0.43s           2024-10-03T18:42:53
================================================================================
[2024-10-03T18:43:19.314+0000] {manager.py:758} INFO - Searching for files in /opt/airflow/dags
[2024-10-03T18:43:19.339+0000] {manager.py:761} INFO - There are 1 files in /opt/airflow/dags
[2024-10-03T18:43:24.783+0000] {manager.py:889} INFO - 
================================================================================
DAG File Processing Stats

File Path                             PID    Runtime      # DAGs    # Errors  Last Runtime    Last Run
------------------------------------  -----  ---------  --------  ----------  --------------  -------------------
/opt/airflow/dags/clever_main_DAG.py                           1           0  0.43s           2024-10-03T18:43:24
================================================================================
[2024-10-03T18:43:54.846+0000] {manager.py:889} INFO - 
================================================================================
DAG File Processing Stats

File Path                             PID    Runtime      # DAGs    # Errors  Last Runtime    Last Run
------------------------------------  -----  ---------  --------  ----------  --------------  -------------------
/opt/airflow/dags/clever_main_DAG.py                           1           0  0.36s           2024-10-03T18:43:54
================================================================================
[2024-10-03T18:44:25.177+0000] {manager.py:889} INFO - 
================================================================================
DAG File Processing Stats

File Path                               PID  Runtime      # DAGs    # Errors  Last Runtime    Last Run
------------------------------------  -----  ---------  --------  ----------  --------------  -------------------
/opt/airflow/dags/clever_main_DAG.py    379  0.01s             1           0  0.36s           2024-10-03T18:43:54
================================================================================
[2024-10-03T18:44:55.538+0000] {manager.py:889} INFO - 
================================================================================
DAG File Processing Stats

File Path                               PID  Runtime      # DAGs    # Errors  Last Runtime    Last Run
------------------------------------  -----  ---------  --------  ----------  --------------  -------------------
/opt/airflow/dags/clever_main_DAG.py    395  0.01s             1           0  0.34s           2024-10-03T18:44:25
================================================================================
[2024-10-03T18:45:26.166+0000] {manager.py:889} INFO - 
================================================================================
DAG File Processing Stats

File Path                               PID  Runtime      # DAGs    # Errors  Last Runtime    Last Run
------------------------------------  -----  ---------  --------  ----------  --------------  -------------------
/opt/airflow/dags/clever_main_DAG.py    410  0.01s             1           0  0.36s           2024-10-03T18:44:55
================================================================================
[2024-10-03T18:45:56.437+0000] {manager.py:889} INFO - 
================================================================================
DAG File Processing Stats

File Path                             PID    Runtime      # DAGs    # Errors  Last Runtime    Last Run
------------------------------------  -----  ---------  --------  ----------  --------------  -------------------
/opt/airflow/dags/clever_main_DAG.py                           1           0  0.32s           2024-10-03T18:45:26
================================================================================
[2024-10-03T18:46:27.091+0000] {manager.py:889} INFO - 
================================================================================
DAG File Processing Stats

File Path                             PID    Runtime      # DAGs    # Errors  Last Runtime    Last Run
------------------------------------  -----  ---------  --------  ----------  --------------  -------------------
/opt/airflow/dags/clever_main_DAG.py                           1           0  0.35s           2024-10-03T18:45:57
================================================================================
[2024-10-03T18:46:57.676+0000] {manager.py:889} INFO - 
================================================================================
DAG File Processing Stats

File Path                             PID    Runtime      # DAGs    # Errors  Last Runtime    Last Run
------------------------------------  -----  ---------  --------  ----------  --------------  -------------------
/opt/airflow/dags/clever_main_DAG.py                           1           0  0.37s           2024-10-03T18:46:27
================================================================================
[2024-10-03T18:47:27.747+0000] {manager.py:889} INFO - 
================================================================================
DAG File Processing Stats

File Path                             PID    Runtime      # DAGs    # Errors  Last Runtime    Last Run
------------------------------------  -----  ---------  --------  ----------  --------------  -------------------
/opt/airflow/dags/clever_main_DAG.py                           1           0  0.44s           2024-10-03T18:46:58
================================================================================
[2024-10-03T18:47:58.069+0000] {manager.py:889} INFO - 
================================================================================
DAG File Processing Stats

File Path                             PID    Runtime      # DAGs    # Errors  Last Runtime    Last Run
------------------------------------  -----  ---------  --------  ----------  --------------  -------------------
/opt/airflow/dags/clever_main_DAG.py                           1           0  0.54s           2024-10-03T18:47:29
================================================================================
[2024-10-03T18:48:19.808+0000] {manager.py:758} INFO - Searching for files in /opt/airflow/dags
[2024-10-03T18:48:19.836+0000] {manager.py:761} INFO - There are 1 files in /opt/airflow/dags
[2024-10-03T18:48:28.220+0000] {manager.py:889} INFO - 
================================================================================
DAG File Processing Stats

File Path                             PID    Runtime      # DAGs    # Errors  Last Runtime    Last Run
------------------------------------  -----  ---------  --------  ----------  --------------  -------------------
/opt/airflow/dags/clever_main_DAG.py                           1           0  0.32s           2024-10-03T18:47:59
================================================================================
[2024-10-03T18:48:58.547+0000] {manager.py:889} INFO - 
================================================================================
DAG File Processing Stats

File Path                             PID    Runtime      # DAGs    # Errors  Last Runtime    Last Run
------------------------------------  -----  ---------  --------  ----------  --------------  -------------------
/opt/airflow/dags/clever_main_DAG.py                           1           0  0.44s           2024-10-03T18:48:30
================================================================================
[2024-10-03T18:49:28.990+0000] {manager.py:889} INFO - 
================================================================================
DAG File Processing Stats

File Path                             PID    Runtime      # DAGs    # Errors  Last Runtime    Last Run
------------------------------------  -----  ---------  --------  ----------  --------------  -------------------
/opt/airflow/dags/clever_main_DAG.py                           1           0  0.38s           2024-10-03T18:49:00
================================================================================
[2024-10-03T18:49:59.516+0000] {manager.py:889} INFO - 
================================================================================
DAG File Processing Stats

File Path                             PID    Runtime      # DAGs    # Errors  Last Runtime    Last Run
------------------------------------  -----  ---------  --------  ----------  --------------  -------------------
/opt/airflow/dags/clever_main_DAG.py                           1           0  0.41s           2024-10-03T18:49:31
================================================================================
[2024-10-03T18:50:29.980+0000] {manager.py:889} INFO - 
================================================================================
DAG File Processing Stats

File Path                             PID    Runtime      # DAGs    # Errors  Last Runtime    Last Run
------------------------------------  -----  ---------  --------  ----------  --------------  -------------------
/opt/airflow/dags/clever_main_DAG.py                           1           0  0.37s           2024-10-03T18:50:01
================================================================================
[2024-10-03T18:51:00.422+0000] {manager.py:889} INFO - 
================================================================================
DAG File Processing Stats

File Path                             PID    Runtime      # DAGs    # Errors  Last Runtime    Last Run
------------------------------------  -----  ---------  --------  ----------  --------------  -------------------
/opt/airflow/dags/clever_main_DAG.py                           1           0  0.41s           2024-10-03T18:50:32
================================================================================
[2024-10-03T18:51:30.969+0000] {manager.py:889} INFO - 
================================================================================
DAG File Processing Stats

File Path                             PID    Runtime      # DAGs    # Errors  Last Runtime    Last Run
------------------------------------  -----  ---------  --------  ----------  --------------  -------------------
/opt/airflow/dags/clever_main_DAG.py                           1           0  0.33s           2024-10-03T18:51:02
================================================================================
[2024-10-03T18:52:01.390+0000] {manager.py:889} INFO - 
================================================================================
DAG File Processing Stats

File Path                             PID    Runtime      # DAGs    # Errors  Last Runtime    Last Run
------------------------------------  -----  ---------  --------  ----------  --------------  -------------------
/opt/airflow/dags/clever_main_DAG.py                           1           0  0.38s           2024-10-03T18:51:33
================================================================================
[2024-10-03T18:52:31.968+0000] {manager.py:889} INFO - 
================================================================================
DAG File Processing Stats

File Path                             PID    Runtime      # DAGs    # Errors  Last Runtime    Last Run
------------------------------------  -----  ---------  --------  ----------  --------------  -------------------
/opt/airflow/dags/clever_main_DAG.py                           1           0  0.33s           2024-10-03T18:52:03
================================================================================
[2024-10-03T18:53:02.321+0000] {manager.py:889} INFO - 
================================================================================
DAG File Processing Stats

File Path                             PID    Runtime      # DAGs    # Errors  Last Runtime    Last Run
------------------------------------  -----  ---------  --------  ----------  --------------  -------------------
/opt/airflow/dags/clever_main_DAG.py                           1           0  0.48s           2024-10-03T18:52:34
================================================================================
[2024-10-03T18:53:19.970+0000] {manager.py:758} INFO - Searching for files in /opt/airflow/dags
[2024-10-03T18:53:19.989+0000] {manager.py:761} INFO - There are 1 files in /opt/airflow/dags
[2024-10-03T18:53:32.419+0000] {manager.py:889} INFO - 
================================================================================
DAG File Processing Stats

File Path                             PID    Runtime      # DAGs    # Errors  Last Runtime    Last Run
------------------------------------  -----  ---------  --------  ----------  --------------  -------------------
/opt/airflow/dags/clever_main_DAG.py                           1           0  0.33s           2024-10-03T18:53:05
================================================================================
[2024-10-03T18:54:02.734+0000] {manager.py:889} INFO - 
================================================================================
DAG File Processing Stats

File Path                             PID    Runtime      # DAGs    # Errors  Last Runtime    Last Run
------------------------------------  -----  ---------  --------  ----------  --------------  -------------------
/opt/airflow/dags/clever_main_DAG.py                           1           0  0.42s           2024-10-03T18:53:35
================================================================================
[2024-10-03T18:54:33.211+0000] {manager.py:889} INFO - 
================================================================================
DAG File Processing Stats

File Path                             PID    Runtime      # DAGs    # Errors  Last Runtime    Last Run
------------------------------------  -----  ---------  --------  ----------  --------------  -------------------
/opt/airflow/dags/clever_main_DAG.py                           1           0  0.43s           2024-10-03T18:54:06
================================================================================
[2024-10-03T18:55:03.638+0000] {manager.py:889} INFO - 
================================================================================
DAG File Processing Stats

File Path                             PID    Runtime      # DAGs    # Errors  Last Runtime    Last Run
------------------------------------  -----  ---------  --------  ----------  --------------  -------------------
/opt/airflow/dags/clever_main_DAG.py                           1           0  0.38s           2024-10-03T18:54:36
================================================================================
[2024-10-03T18:55:34.175+0000] {manager.py:889} INFO - 
================================================================================
DAG File Processing Stats

File Path                             PID    Runtime      # DAGs    # Errors  Last Runtime    Last Run
------------------------------------  -----  ---------  --------  ----------  --------------  -------------------
/opt/airflow/dags/clever_main_DAG.py                           1           0  0.31s           2024-10-03T18:55:06
================================================================================
[2024-10-03T18:56:04.518+0000] {manager.py:889} INFO - 
================================================================================
DAG File Processing Stats

File Path                             PID    Runtime      # DAGs    # Errors  Last Runtime    Last Run
------------------------------------  -----  ---------  --------  ----------  --------------  -------------------
/opt/airflow/dags/clever_main_DAG.py                           0           1  0.44s           2024-10-03T18:55:37
================================================================================
[2024-10-03T18:56:34.554+0000] {manager.py:889} INFO - 
================================================================================
DAG File Processing Stats

File Path                             PID    Runtime      # DAGs    # Errors  Last Runtime    Last Run
------------------------------------  -----  ---------  --------  ----------  --------------  -------------------
/opt/airflow/dags/clever_main_DAG.py                           1           0  0.40s           2024-10-03T18:56:08
================================================================================
[2024-10-03T18:57:04.851+0000] {manager.py:889} INFO - 
================================================================================
DAG File Processing Stats

File Path                             PID    Runtime      # DAGs    # Errors  Last Runtime    Last Run
------------------------------------  -----  ---------  --------  ----------  --------------  -------------------
/opt/airflow/dags/clever_main_DAG.py                           1           0  0.31s           2024-10-03T18:56:38
================================================================================
[2024-10-03T18:57:34.896+0000] {manager.py:889} INFO - 
================================================================================
DAG File Processing Stats

File Path                             PID    Runtime      # DAGs    # Errors  Last Runtime    Last Run
------------------------------------  -----  ---------  --------  ----------  --------------  -------------------
/opt/airflow/dags/clever_main_DAG.py                           1           0  0.36s           2024-10-03T18:57:09
================================================================================
[2024-10-03T18:58:05.227+0000] {manager.py:889} INFO - 
================================================================================
DAG File Processing Stats

File Path                             PID    Runtime      # DAGs    # Errors  Last Runtime    Last Run
------------------------------------  -----  ---------  --------  ----------  --------------  -------------------
/opt/airflow/dags/clever_main_DAG.py                           1           0  0.35s           2024-10-03T18:57:40
================================================================================
[2024-10-03T18:58:20.326+0000] {manager.py:758} INFO - Searching for files in /opt/airflow/dags
[2024-10-03T18:58:20.359+0000] {manager.py:761} INFO - There are 1 files in /opt/airflow/dags
[2024-10-03T18:58:35.537+0000] {manager.py:889} INFO - 
================================================================================
DAG File Processing Stats

File Path                             PID    Runtime      # DAGs    # Errors  Last Runtime    Last Run
------------------------------------  -----  ---------  --------  ----------  --------------  -------------------
/opt/airflow/dags/clever_main_DAG.py                           1           0  0.54s           2024-10-03T18:58:11
================================================================================
[2024-10-03T18:59:06.273+0000] {manager.py:889} INFO - 
================================================================================
DAG File Processing Stats

File Path                             PID    Runtime      # DAGs    # Errors  Last Runtime    Last Run
------------------------------------  -----  ---------  --------  ----------  --------------  -------------------
/opt/airflow/dags/clever_main_DAG.py                           1           0  0.43s           2024-10-03T18:58:42
================================================================================
[2024-10-03T18:59:36.638+0000] {manager.py:889} INFO - 
================================================================================
DAG File Processing Stats

File Path                             PID    Runtime      # DAGs    # Errors  Last Runtime    Last Run
------------------------------------  -----  ---------  --------  ----------  --------------  -------------------
/opt/airflow/dags/clever_main_DAG.py                           1           0  0.28s           2024-10-03T18:59:12
================================================================================
[2024-10-03T19:00:07.133+0000] {manager.py:889} INFO - 
================================================================================
DAG File Processing Stats

File Path                             PID    Runtime      # DAGs    # Errors  Last Runtime    Last Run
------------------------------------  -----  ---------  --------  ----------  --------------  -------------------
/opt/airflow/dags/clever_main_DAG.py                           1           0  0.38s           2024-10-03T18:59:43
================================================================================
[2024-10-03T19:00:37.583+0000] {manager.py:889} INFO - 
================================================================================
DAG File Processing Stats

File Path                             PID    Runtime      # DAGs    # Errors  Last Runtime    Last Run
------------------------------------  -----  ---------  --------  ----------  --------------  -------------------
/opt/airflow/dags/clever_main_DAG.py                           1           0  0.54s           2024-10-03T19:00:13
================================================================================
[2024-10-03T19:01:07.641+0000] {manager.py:889} INFO - 
================================================================================
DAG File Processing Stats

File Path                             PID    Runtime      # DAGs    # Errors  Last Runtime    Last Run
------------------------------------  -----  ---------  --------  ----------  --------------  -------------------
/opt/airflow/dags/clever_main_DAG.py                           1           0  0.43s           2024-10-03T19:00:44
================================================================================
[2024-10-03T19:01:37.966+0000] {manager.py:889} INFO - 
================================================================================
DAG File Processing Stats

File Path                             PID    Runtime      # DAGs    # Errors  Last Runtime    Last Run
------------------------------------  -----  ---------  --------  ----------  --------------  -------------------
/opt/airflow/dags/clever_main_DAG.py                           1           0  0.53s           2024-10-03T19:01:15
================================================================================
[2024-10-03T19:02:08.306+0000] {manager.py:889} INFO - 
================================================================================
DAG File Processing Stats

File Path                             PID    Runtime      # DAGs    # Errors  Last Runtime    Last Run
------------------------------------  -----  ---------  --------  ----------  --------------  -------------------
/opt/airflow/dags/clever_main_DAG.py                           1           0  0.60s           2024-10-03T19:01:46
================================================================================
[2024-10-03T19:02:38.649+0000] {manager.py:889} INFO - 
================================================================================
DAG File Processing Stats

File Path                             PID    Runtime      # DAGs    # Errors  Last Runtime    Last Run
------------------------------------  -----  ---------  --------  ----------  --------------  -------------------
/opt/airflow/dags/clever_main_DAG.py                           1           0  0.59s           2024-10-03T19:02:17
================================================================================
[2024-10-03T19:03:08.963+0000] {manager.py:889} INFO - 
================================================================================
DAG File Processing Stats

File Path                             PID    Runtime      # DAGs    # Errors  Last Runtime    Last Run
------------------------------------  -----  ---------  --------  ----------  --------------  -------------------
/opt/airflow/dags/clever_main_DAG.py                           1           0  0.52s           2024-10-03T19:02:47
================================================================================
[2024-10-03T19:03:20.583+0000] {manager.py:758} INFO - Searching for files in /opt/airflow/dags
[2024-10-03T19:03:20.595+0000] {manager.py:761} INFO - There are 1 files in /opt/airflow/dags
[2024-10-03T19:03:39.275+0000] {manager.py:889} INFO - 
================================================================================
DAG File Processing Stats

File Path                             PID    Runtime      # DAGs    # Errors  Last Runtime    Last Run
------------------------------------  -----  ---------  --------  ----------  --------------  -------------------
/opt/airflow/dags/clever_main_DAG.py                           1           0  0.52s           2024-10-03T19:03:18
================================================================================
[2024-10-03T19:04:09.597+0000] {manager.py:889} INFO - 
================================================================================
DAG File Processing Stats

File Path                             PID    Runtime      # DAGs    # Errors  Last Runtime    Last Run
------------------------------------  -----  ---------  --------  ----------  --------------  -------------------
/opt/airflow/dags/clever_main_DAG.py                           1           0  0.50s           2024-10-03T19:03:49
================================================================================
[2024-10-03T19:04:39.933+0000] {manager.py:889} INFO - 
================================================================================
DAG File Processing Stats

File Path                             PID    Runtime      # DAGs    # Errors  Last Runtime    Last Run
------------------------------------  -----  ---------  --------  ----------  --------------  -------------------
/opt/airflow/dags/clever_main_DAG.py                           1           0  0.52s           2024-10-03T19:04:20
================================================================================
[2024-10-03T19:05:10.181+0000] {manager.py:889} INFO - 
================================================================================
DAG File Processing Stats

File Path                             PID    Runtime      # DAGs    # Errors  Last Runtime    Last Run
------------------------------------  -----  ---------  --------  ----------  --------------  -------------------
/opt/airflow/dags/clever_main_DAG.py                           1           0  0.49s           2024-10-03T19:04:51
================================================================================
[2024-10-03T19:05:40.492+0000] {manager.py:889} INFO - 
================================================================================
DAG File Processing Stats

File Path                             PID    Runtime      # DAGs    # Errors  Last Runtime    Last Run
------------------------------------  -----  ---------  --------  ----------  --------------  -------------------
/opt/airflow/dags/clever_main_DAG.py                           1           0  0.50s           2024-10-03T19:05:21
================================================================================
[2024-10-03T19:06:10.772+0000] {manager.py:889} INFO - 
================================================================================
DAG File Processing Stats

File Path                             PID    Runtime      # DAGs    # Errors  Last Runtime    Last Run
------------------------------------  -----  ---------  --------  ----------  --------------  -------------------
/opt/airflow/dags/clever_main_DAG.py                           1           0  0.48s           2024-10-03T19:05:52
================================================================================
[2024-10-03T19:06:41.087+0000] {manager.py:889} INFO - 
================================================================================
DAG File Processing Stats

File Path                             PID    Runtime      # DAGs    # Errors  Last Runtime    Last Run
------------------------------------  -----  ---------  --------  ----------  --------------  -------------------
/opt/airflow/dags/clever_main_DAG.py                           1           0  0.28s           2024-10-03T19:06:23
================================================================================
[2024-10-03T19:07:11.678+0000] {manager.py:889} INFO - 
================================================================================
DAG File Processing Stats

File Path                             PID    Runtime      # DAGs    # Errors  Last Runtime    Last Run
------------------------------------  -----  ---------  --------  ----------  --------------  -------------------
/opt/airflow/dags/clever_main_DAG.py                           1           0  0.50s           2024-10-03T19:06:53
================================================================================
[2024-10-03T19:07:42.168+0000] {manager.py:889} INFO - 
================================================================================
DAG File Processing Stats

File Path                             PID    Runtime      # DAGs    # Errors  Last Runtime    Last Run
------------------------------------  -----  ---------  --------  ----------  --------------  -------------------
/opt/airflow/dags/clever_main_DAG.py                           1           0  0.46s           2024-10-03T19:07:24
================================================================================
[2024-10-03T19:08:12.756+0000] {manager.py:889} INFO - 
================================================================================
DAG File Processing Stats

File Path                             PID    Runtime      # DAGs    # Errors  Last Runtime    Last Run
------------------------------------  -----  ---------  --------  ----------  --------------  -------------------
/opt/airflow/dags/clever_main_DAG.py                           1           0  0.43s           2024-10-03T19:07:54
================================================================================
[2024-10-03T19:08:20.845+0000] {manager.py:758} INFO - Searching for files in /opt/airflow/dags
[2024-10-03T19:08:20.872+0000] {manager.py:761} INFO - There are 1 files in /opt/airflow/dags
[2024-10-03T19:08:43.143+0000] {manager.py:889} INFO - 
================================================================================
DAG File Processing Stats

File Path                             PID    Runtime      # DAGs    # Errors  Last Runtime    Last Run
------------------------------------  -----  ---------  --------  ----------  --------------  -------------------
/opt/airflow/dags/clever_main_DAG.py                           1           0  0.43s           2024-10-03T19:08:25
================================================================================
[2024-10-03T19:09:13.278+0000] {manager.py:889} INFO - 
================================================================================
DAG File Processing Stats

File Path                             PID    Runtime      # DAGs    # Errors  Last Runtime    Last Run
------------------------------------  -----  ---------  --------  ----------  --------------  -------------------
/opt/airflow/dags/clever_main_DAG.py                           1           0  0.43s           2024-10-03T19:08:56
================================================================================
[2024-10-03T19:09:43.620+0000] {manager.py:889} INFO - 
================================================================================
DAG File Processing Stats

File Path                             PID    Runtime      # DAGs    # Errors  Last Runtime    Last Run
------------------------------------  -----  ---------  --------  ----------  --------------  -------------------
/opt/airflow/dags/clever_main_DAG.py                           1           0  0.35s           2024-10-03T19:09:26
================================================================================
[2024-10-03T19:10:14.213+0000] {manager.py:889} INFO - 
================================================================================
DAG File Processing Stats

File Path                             PID    Runtime      # DAGs    # Errors  Last Runtime    Last Run
------------------------------------  -----  ---------  --------  ----------  --------------  -------------------
/opt/airflow/dags/clever_main_DAG.py                           1           0  0.39s           2024-10-03T19:09:57
================================================================================
[2024-10-03T19:10:44.666+0000] {manager.py:889} INFO - 
================================================================================
DAG File Processing Stats

File Path                             PID    Runtime      # DAGs    # Errors  Last Runtime    Last Run
------------------------------------  -----  ---------  --------  ----------  --------------  -------------------
/opt/airflow/dags/clever_main_DAG.py                           1           0  0.43s           2024-10-03T19:10:27
================================================================================
[2024-10-03T19:11:15.354+0000] {manager.py:889} INFO - 
================================================================================
DAG File Processing Stats

File Path                             PID    Runtime      # DAGs    # Errors  Last Runtime    Last Run
------------------------------------  -----  ---------  --------  ----------  --------------  -------------------
/opt/airflow/dags/clever_main_DAG.py                           1           0  0.42s           2024-10-03T19:10:58
================================================================================
[2024-10-03T19:11:45.683+0000] {manager.py:889} INFO - 
================================================================================
DAG File Processing Stats

File Path                             PID    Runtime      # DAGs    # Errors  Last Runtime    Last Run
------------------------------------  -----  ---------  --------  ----------  --------------  -------------------
/opt/airflow/dags/clever_main_DAG.py                           1           0  0.42s           2024-10-03T19:11:28
================================================================================
[2024-10-03T19:12:15.836+0000] {manager.py:889} INFO - 
================================================================================
DAG File Processing Stats

File Path                             PID    Runtime      # DAGs    # Errors  Last Runtime    Last Run
------------------------------------  -----  ---------  --------  ----------  --------------  -------------------
/opt/airflow/dags/clever_main_DAG.py                           1           0  0.43s           2024-10-03T19:11:59
================================================================================
[2024-10-03T19:12:46.142+0000] {manager.py:889} INFO - 
================================================================================
DAG File Processing Stats

File Path                             PID    Runtime      # DAGs    # Errors  Last Runtime    Last Run
------------------------------------  -----  ---------  --------  ----------  --------------  -------------------
/opt/airflow/dags/clever_main_DAG.py                           1           0  0.41s           2024-10-03T19:12:30
================================================================================
[2024-10-03T19:13:16.376+0000] {manager.py:889} INFO - 
================================================================================
DAG File Processing Stats

File Path                             PID    Runtime      # DAGs    # Errors  Last Runtime    Last Run
------------------------------------  -----  ---------  --------  ----------  --------------  -------------------
/opt/airflow/dags/clever_main_DAG.py                           1           0  0.49s           2024-10-03T19:13:01
================================================================================
[2024-10-03T19:13:20.933+0000] {manager.py:758} INFO - Searching for files in /opt/airflow/dags
[2024-10-03T19:13:20.959+0000] {manager.py:761} INFO - There are 1 files in /opt/airflow/dags
[2024-10-03T19:13:46.674+0000] {manager.py:889} INFO - 
================================================================================
DAG File Processing Stats

File Path                             PID    Runtime      # DAGs    # Errors  Last Runtime    Last Run
------------------------------------  -----  ---------  --------  ----------  --------------  -------------------
/opt/airflow/dags/clever_main_DAG.py                           1           0  0.49s           2024-10-03T19:13:32
================================================================================
[2024-10-03T19:14:16.913+0000] {manager.py:889} INFO - 
================================================================================
DAG File Processing Stats

File Path                             PID    Runtime      # DAGs    # Errors  Last Runtime    Last Run
------------------------------------  -----  ---------  --------  ----------  --------------  -------------------
/opt/airflow/dags/clever_main_DAG.py                           1           0  0.44s           2024-10-03T19:14:02
================================================================================
[2024-10-03T19:14:47.257+0000] {manager.py:889} INFO - 
================================================================================
DAG File Processing Stats

File Path                             PID    Runtime      # DAGs    # Errors  Last Runtime    Last Run
------------------------------------  -----  ---------  --------  ----------  --------------  -------------------
/opt/airflow/dags/clever_main_DAG.py                           1           0  0.30s           2024-10-03T19:14:33
================================================================================
[2024-10-03T19:15:17.719+0000] {manager.py:889} INFO - 
================================================================================
DAG File Processing Stats

File Path                             PID    Runtime      # DAGs    # Errors  Last Runtime    Last Run
------------------------------------  -----  ---------  --------  ----------  --------------  -------------------
/opt/airflow/dags/clever_main_DAG.py                           1           0  0.41s           2024-10-03T19:15:03
================================================================================
[2024-10-03T19:15:48.247+0000] {manager.py:889} INFO - 
================================================================================
DAG File Processing Stats

File Path                             PID    Runtime      # DAGs    # Errors  Last Runtime    Last Run
------------------------------------  -----  ---------  --------  ----------  --------------  -------------------
/opt/airflow/dags/clever_main_DAG.py                           1           0  0.37s           2024-10-03T19:15:34
================================================================================
[2024-10-03T19:16:18.643+0000] {manager.py:889} INFO - 
================================================================================
DAG File Processing Stats

File Path                             PID    Runtime      # DAGs    # Errors  Last Runtime    Last Run
------------------------------------  -----  ---------  --------  ----------  --------------  -------------------
/opt/airflow/dags/clever_main_DAG.py                           1           0  0.39s           2024-10-03T19:16:04
================================================================================
[2024-10-03T19:16:48.660+0000] {manager.py:889} INFO - 
================================================================================
DAG File Processing Stats

File Path                             PID    Runtime      # DAGs    # Errors  Last Runtime    Last Run
------------------------------------  -----  ---------  --------  ----------  --------------  -------------------
/opt/airflow/dags/clever_main_DAG.py                           1           0  0.39s           2024-10-03T19:16:35
================================================================================
[2024-10-03T19:17:19.120+0000] {manager.py:889} INFO - 
================================================================================
DAG File Processing Stats

File Path                             PID    Runtime      # DAGs    # Errors  Last Runtime    Last Run
------------------------------------  -----  ---------  --------  ----------  --------------  -------------------
/opt/airflow/dags/clever_main_DAG.py                           1           0  0.24s           2024-10-03T19:17:06
================================================================================
[2024-10-03T19:17:49.622+0000] {manager.py:889} INFO - 
================================================================================
DAG File Processing Stats

File Path                             PID    Runtime      # DAGs    # Errors  Last Runtime    Last Run
------------------------------------  -----  ---------  --------  ----------  --------------  -------------------
/opt/airflow/dags/clever_main_DAG.py                           1           0  0.28s           2024-10-03T19:17:36
================================================================================
[2024-10-03T19:18:20.012+0000] {manager.py:889} INFO - 
================================================================================
DAG File Processing Stats

File Path                             PID    Runtime      # DAGs    # Errors  Last Runtime    Last Run
------------------------------------  -----  ---------  --------  ----------  --------------  -------------------
/opt/airflow/dags/clever_main_DAG.py                           1           0  0.27s           2024-10-03T19:18:07
================================================================================
[2024-10-03T19:18:21.021+0000] {manager.py:758} INFO - Searching for files in /opt/airflow/dags
[2024-10-03T19:18:21.035+0000] {manager.py:761} INFO - There are 1 files in /opt/airflow/dags
[2024-10-03T19:18:50.501+0000] {manager.py:889} INFO - 
================================================================================
DAG File Processing Stats

File Path                             PID    Runtime      # DAGs    # Errors  Last Runtime    Last Run
------------------------------------  -----  ---------  --------  ----------  --------------  -------------------
/opt/airflow/dags/clever_main_DAG.py                           1           0  0.28s           2024-10-03T19:18:37
================================================================================
[2024-10-03T19:19:20.839+0000] {manager.py:889} INFO - 
================================================================================
DAG File Processing Stats

File Path                             PID    Runtime      # DAGs    # Errors  Last Runtime    Last Run
------------------------------------  -----  ---------  --------  ----------  --------------  -------------------
/opt/airflow/dags/clever_main_DAG.py                           1           0  0.26s           2024-10-03T19:19:07
================================================================================
[2024-10-03T19:19:51.449+0000] {manager.py:889} INFO - 
================================================================================
DAG File Processing Stats

File Path                             PID    Runtime      # DAGs    # Errors  Last Runtime    Last Run
------------------------------------  -----  ---------  --------  ----------  --------------  -------------------
/opt/airflow/dags/clever_main_DAG.py                           1           0  0.26s           2024-10-03T19:19:38
================================================================================
[2024-10-03T19:20:21.816+0000] {manager.py:889} INFO - 
================================================================================
DAG File Processing Stats

File Path                             PID    Runtime      # DAGs    # Errors  Last Runtime    Last Run
------------------------------------  -----  ---------  --------  ----------  --------------  -------------------
/opt/airflow/dags/clever_main_DAG.py                           1           0  0.29s           2024-10-03T19:20:08
================================================================================
[2024-10-03T19:20:52.400+0000] {manager.py:889} INFO - 
================================================================================
DAG File Processing Stats

File Path                             PID    Runtime      # DAGs    # Errors  Last Runtime    Last Run
------------------------------------  -----  ---------  --------  ----------  --------------  -------------------
/opt/airflow/dags/clever_main_DAG.py                           0           1  0.06s           2024-10-03T19:20:48
================================================================================
[2024-10-03T19:21:22.769+0000] {manager.py:889} INFO - 
================================================================================
DAG File Processing Stats

File Path                             PID    Runtime      # DAGs    # Errors  Last Runtime    Last Run
------------------------------------  -----  ---------  --------  ----------  --------------  -------------------
/opt/airflow/dags/clever_main_DAG.py                           0           1  0.07s           2024-10-03T19:21:18
================================================================================
[2024-10-03T19:21:53.200+0000] {manager.py:889} INFO - 
================================================================================
DAG File Processing Stats

File Path                             PID    Runtime      # DAGs    # Errors  Last Runtime    Last Run
------------------------------------  -----  ---------  --------  ----------  --------------  -------------------
/opt/airflow/dags/clever_main_DAG.py                           0           1  0.05s           2024-10-03T19:21:49
================================================================================
[2024-10-03T19:22:23.544+0000] {manager.py:889} INFO - 
================================================================================
DAG File Processing Stats

File Path                             PID    Runtime      # DAGs    # Errors  Last Runtime    Last Run
------------------------------------  -----  ---------  --------  ----------  --------------  -------------------
/opt/airflow/dags/clever_main_DAG.py                           0           1  0.06s           2024-10-03T19:22:04
================================================================================
[2024-10-03T19:22:53.916+0000] {manager.py:889} INFO - 
================================================================================
DAG File Processing Stats

File Path                             PID    Runtime      # DAGs    # Errors  Last Runtime    Last Run
------------------------------------  -----  ---------  --------  ----------  --------------  -------------------
/opt/airflow/dags/clever_main_DAG.py                           0           1  0.07s           2024-10-03T19:22:34
================================================================================
[2024-10-03T19:23:21.200+0000] {manager.py:758} INFO - Searching for files in /opt/airflow/dags
[2024-10-03T19:23:21.253+0000] {manager.py:761} INFO - There are 1 files in /opt/airflow/dags
[2024-10-03T19:23:24.305+0000] {manager.py:889} INFO - 
================================================================================
DAG File Processing Stats

File Path                             PID    Runtime      # DAGs    # Errors  Last Runtime    Last Run
------------------------------------  -----  ---------  --------  ----------  --------------  -------------------
/opt/airflow/dags/clever_main_DAG.py                           1           0  0.41s           2024-10-03T19:23:01
================================================================================
[2024-10-03T19:23:54.837+0000] {manager.py:889} INFO - 
================================================================================
DAG File Processing Stats

File Path                             PID    Runtime      # DAGs    # Errors  Last Runtime    Last Run
------------------------------------  -----  ---------  --------  ----------  --------------  -------------------
/opt/airflow/dags/clever_main_DAG.py                           1           0  0.25s           2024-10-03T19:23:50
================================================================================
[2024-10-03T19:24:25.359+0000] {manager.py:889} INFO - 
================================================================================
DAG File Processing Stats

File Path                             PID    Runtime      # DAGs    # Errors  Last Runtime    Last Run
------------------------------------  -----  ---------  --------  ----------  --------------  -------------------
/opt/airflow/dags/clever_main_DAG.py                           1           0  0.47s           2024-10-03T19:24:16
================================================================================
[2024-10-03T19:24:55.930+0000] {manager.py:889} INFO - 
================================================================================
DAG File Processing Stats

File Path                             PID    Runtime      # DAGs    # Errors  Last Runtime    Last Run
------------------------------------  -----  ---------  --------  ----------  --------------  -------------------
/opt/airflow/dags/clever_main_DAG.py                           1           0  0.35s           2024-10-03T19:24:47
================================================================================
[2024-10-03T19:25:26.242+0000] {manager.py:889} INFO - 
================================================================================
DAG File Processing Stats

File Path                             PID    Runtime      # DAGs    # Errors  Last Runtime    Last Run
------------------------------------  -----  ---------  --------  ----------  --------------  -------------------
/opt/airflow/dags/clever_main_DAG.py                           0           1  0.06s           2024-10-03T19:25:01
================================================================================
[2024-10-03T19:25:56.657+0000] {manager.py:889} INFO - 
================================================================================
DAG File Processing Stats

File Path                             PID    Runtime      # DAGs    # Errors  Last Runtime    Last Run
------------------------------------  -----  ---------  --------  ----------  --------------  -------------------
/opt/airflow/dags/clever_main_DAG.py                           0           1  0.07s           2024-10-03T19:25:31
================================================================================
[2024-10-03T19:26:09.228+0000] {manager.py:470} INFO - Exiting gracefully upon receiving signal 15
